Determining if the pthread_create exist failed with the following output:
Change Dir: /share/CUDA-Course-Udacity/cs344/Problem Sets/Problem Set 2/build/CMakeFiles/CMakeTmp

Run Build Command:"/usr/bin/make" "cmTC_adb37/fast"
/usr/bin/make -f CMakeFiles/cmTC_adb37.dir/build.make CMakeFiles/cmTC_adb37.dir/build
make[1]: 进入目录“/share/CUDA-Course-Udacity/cs344/Problem Sets/Problem Set 2/build/CMakeFiles/CMakeTmp”
Building C object CMakeFiles/cmTC_adb37.dir/CheckSymbolExists.c.o
/opt/cuda/bin/gcc   -fPIC    -o CMakeFiles/cmTC_adb37.dir/CheckSymbolExists.c.o   -c "/share/CUDA-Course-Udacity/cs344/Problem Sets/Problem Set 2/build/CMakeFiles/CMakeTmp/CheckSymbolExists.c"
Linking C executable cmTC_adb37
/home/yan/anaconda3/bin/cmake -E cmake_link_script CMakeFiles/cmTC_adb37.dir/link.txt --verbose=1
/opt/cuda/bin/gcc -fPIC     -rdynamic CMakeFiles/cmTC_adb37.dir/CheckSymbolExists.c.o  -o cmTC_adb37 
/usr/bin/ld: CMakeFiles/cmTC_adb37.dir/CheckSymbolExists.c.o: in function `main':
CheckSymbolExists.c:(.text+0x1b): undefined reference to `pthread_create'
collect2: error: ld returned 1 exit status
make[1]: *** [CMakeFiles/cmTC_adb37.dir/build.make:87：cmTC_adb37] 错误 1
make[1]: 离开目录“/share/CUDA-Course-Udacity/cs344/Problem Sets/Problem Set 2/build/CMakeFiles/CMakeTmp”
make: *** [Makefile:121：cmTC_adb37/fast] 错误 2

File /share/CUDA-Course-Udacity/cs344/Problem Sets/Problem Set 2/build/CMakeFiles/CMakeTmp/CheckSymbolExists.c:
/* */
#include <pthread.h>

int main(int argc, char** argv)
{
  (void)argv;
#ifndef pthread_create
  return ((int*)(&pthread_create))[argc];
#else
  (void)argc;
  return 0;
#endif
}

Determining if the function pthread_create exists in the pthreads failed with the following output:
Change Dir: /share/CUDA-Course-Udacity/cs344/Problem Sets/Problem Set 2/build/CMakeFiles/CMakeTmp

Run Build Command:"/usr/bin/make" "cmTC_b6f82/fast"
/usr/bin/make -f CMakeFiles/cmTC_b6f82.dir/build.make CMakeFiles/cmTC_b6f82.dir/build
make[1]: 进入目录“/share/CUDA-Course-Udacity/cs344/Problem Sets/Problem Set 2/build/CMakeFiles/CMakeTmp”
Building C object CMakeFiles/cmTC_b6f82.dir/CheckFunctionExists.c.o
/opt/cuda/bin/gcc   -fPIC -DCHECK_FUNCTION_EXISTS=pthread_create   -o CMakeFiles/cmTC_b6f82.dir/CheckFunctionExists.c.o   -c /home/yan/anaconda3/share/cmake-3.12/Modules/CheckFunctionExists.c
Linking C executable cmTC_b6f82
/home/yan/anaconda3/bin/cmake -E cmake_link_script CMakeFiles/cmTC_b6f82.dir/link.txt --verbose=1
/opt/cuda/bin/gcc -fPIC -DCHECK_FUNCTION_EXISTS=pthread_create    -rdynamic CMakeFiles/cmTC_b6f82.dir/CheckFunctionExists.c.o  -o cmTC_b6f82 -lpthreads 
/usr/bin/ld: 找不到 -lpthreads
collect2: error: ld returned 1 exit status
make[1]: *** [CMakeFiles/cmTC_b6f82.dir/build.make:87：cmTC_b6f82] 错误 1
make[1]: 离开目录“/share/CUDA-Course-Udacity/cs344/Problem Sets/Problem Set 2/build/CMakeFiles/CMakeTmp”
make: *** [Makefile:121：cmTC_b6f82/fast] 错误 2


